<?xml version="1.0" encoding="UTF-8"?>
<!-- Generated by org.testng.reporters.JUnitXMLReporter -->
<testsuite hostname="DESKTOP-9FJDGC5" ignored="0" name="TrackX.truelocate1 test" tests="2" failures="0" timestamp="10 Nov 2017 13:30:44 GMT" time="59.084" errors="0">
  <testcase name="siteclickflow" time="14.906" classname="com.trackx.truelocate.flow.UserCreateFlow"/>
  <testcase name="userCreationFlow" time="29.092" classname="com.trackx.truelocate.flow.UserCreateFlow"/>
</testsuite> <!-- TrackX.truelocate1 test -->
